#! /c/Source/iverilog-install/bin/vvp
:ivl_version "12.0 (devel)" "(s20150603-1539-g2693dd32b)";
:ivl_delay_selection "TYPICAL";
:vpi_time_precision - 12;
:vpi_module "C:\iverilog\lib\ivl\system.vpi";
:vpi_module "C:\iverilog\lib\ivl\vhdl_sys.vpi";
:vpi_module "C:\iverilog\lib\ivl\vhdl_textio.vpi";
:vpi_module "C:\iverilog\lib\ivl\v2005_math.vpi";
:vpi_module "C:\iverilog\lib\ivl\va_math.vpi";
S_0000022c65a52940 .scope module, "flipFlop" "flipFlop" 2 3;
 .timescale -11 -12;
    .port_info 0 /INPUT 1 "d";
    .port_info 1 /INPUT 1 "clock";
    .port_info 2 /OUTPUT 1 "q";
    .port_info 3 /OUTPUT 1 "q_bar";
o0000022c65a86a28 .functor BUFZ 1, C4<z>; HiZ drive
v0000022c65a52ad0_0 .net "clock", 0 0, o0000022c65a86a28;  0 drivers
o0000022c65a86a58 .functor BUFZ 1, C4<z>; HiZ drive
v0000022c65a52b70_0 .net "d", 0 0, o0000022c65a86a58;  0 drivers
v0000022c65a52c10_0 .var "q", 0 0;
v0000022c65a3d7c0_0 .var "q_bar", 0 0;
E_0000022c65a84b90 .event posedge, v0000022c65a52ad0_0;
    .scope S_0000022c65a52940;
T_0 ;
    %wait E_0000022c65a84b90;
    %delay 20, 0;
    %load/vec4 v0000022c65a52b70_0;
    %store/vec4 v0000022c65a52c10_0, 0, 1;
    %delay 10, 0;
    %load/vec4 v0000022c65a52b70_0;
    %inv;
    %store/vec4 v0000022c65a3d7c0_0, 0, 1;
    %jmp T_0;
    .thread T_0;
# The file index is used to find the file name in the following table.
:file_names 3;
    "N/A";
    "<interactive>";
    "part1a.v";
